DiagnosticsPlugin.exe Information: 0 : [23.5.2024. 20:31:21] Starting DiagnosticPlugin.exe DiagnosticPlugin-ShutdownEvent DiagnosticPlugin-TotalShutdownEvent -wadVer1v5
DiagnosticsPlugin.exe Error: 0 : [23.5.2024. 20:31:21] Failed to save IIS Directory state
DiagnosticsPlugin.exe Error: 0 : [23.5.2024. 20:31:21] System.Runtime.InteropServices.COMException (0x80040154): Retrieving the COM class factory for component with CLSID {2B72133B-3F5B-4602-8952-803546CE3344} failed due to the following error: 80040154 Class not registered (Exception from HRESULT: 0x80040154 (REGDB_E_CLASSNOTREG)).
   at System.Runtime.Remoting.RemotingServices.AllocateUninitializedObject(RuntimeType objectType)
   at System.Runtime.Remoting.Activation.ActivationServices.CreateInstance(RuntimeType serverType)
   at System.Runtime.Remoting.Activation.ActivationServices.IsCurrentContextOK(RuntimeType serverType, Object[] props, Boolean bNewObj)
   at System.RuntimeTypeHandle.CreateInstance(RuntimeType type, Boolean publicOnly, Boolean noCheck, Boolean& canBeCached, RuntimeMethodHandleInternal& ctor, Boolean& bNeedSecurityCheck)
   at System.RuntimeType.CreateInstanceSlow(Boolean publicOnly, Boolean skipCheckThis, Boolean fillCache, StackCrawlMark& stackMark)
   at System.Activator.CreateInstance[T]()
   at Microsoft.Web.Administration.ConfigurationManager.CreateAdminManager[TClass,TInterface](WebConfigurationMap webConfigMap, Boolean isAdminConfig)
   at Microsoft.Web.Administration.ConfigurationManager.CreateConfiguration(WebConfigurationMap configMap, String configPathToEdit, Boolean isAdminConfig)
   at Microsoft.Web.Administration.ConfigurationManager.GetConfiguration(String rawConfigurationPath, String cacheKey, Boolean isAdminConfig)
   at Microsoft.Web.Administration.ServerManager.get_SitesSection()
   at Microsoft.Web.Administration.ServerManager.get_Sites()
   at Microsoft.Azure.Plugins.Plugin.DiagnosticsPluginManager.SaveIISDirectoryState()
DiagnosticsPlugin.exe Information: 0 : [23.5.2024. 20:31:21] Starting DiagnosticsPlugin
DiagnosticsPlugin.exe Information: 0 : [23.5.2024. 20:31:21] Emulator config file set to C:\Users\stame\source\repos\RCAReddit\RCA\backend\RedditService\RedditService\csx\Debug\roles\NotificationServiceWorker\approot\diagnostics.wadcfgx
DiagnosticsPlugin.exe Information: 0 : [23.5.2024. 20:31:21] DiagnosticsStoreRootPath set to: C:\Users\stame\AppData\Local\dftmp\Resources\4b56782e-9def-489b-9aad-af1c59b70bbc
DiagnosticsPlugin.exe Information: 0 : [23.5.2024. 20:31:21] Loading config file: C:\Users\stame\source\repos\RCAReddit\RCA\backend\RedditService\RedditService\csx\Debug\roles\NotificationServiceWorker\approot\diagnostics.wadcfgx
DiagnosticsPlugin.exe Information: 0 : [23.5.2024. 20:31:21] Config file to read: C:\Users\stame\source\repos\RCAReddit\RCA\backend\RedditService\RedditService\csx\Debug\roles\NotificationServiceWorker\approot\diagnostics.wadcfgx
DiagnosticsPlugin.exe Information: 0 : [23.5.2024. 20:31:21] Checking VM Type
DiagnosticsPlugin.exe Information: 0 : [23.5.2024. 20:31:21] Emulator config file set to C:\Users\stame\source\repos\RCAReddit\RCA\backend\RedditService\RedditService\csx\Debug\roles\NotificationServiceWorker\approot\diagnostics.wadcfgx
DiagnosticsPlugin.exe Information: 0 : [23.5.2024. 20:31:21] Extension set to Emulator Mode
DiagnosticsPlugin.exe Information: 0 : [23.5.2024. 20:31:21] Reading XML configuration file
